Validating CLM dashboard sync
Repo root: /home/rcaldwell67/repo/pinescripts
Mode: sync then validate


--- DEBUG: v1 DataFrame shapes and columns ---
left shape: (13, 9), columns: ['entry_time', 'exit_time', 'direction', 'entry', 'exit', 'result', 'pnl_pct', 'dollar_pnl', 'equity']
right shape: (13, 9), columns: ['entry_time', 'exit_time', 'direction', 'entry', 'exit', 'result', 'pnl_pct', 'dollar_pnl', 'equity']
v1: OK  source=scripts/CLM/Adaptive Pullback Momentum v1/apm_v1_ytd_trades_clm_5m.csv  dashboard=docs/data/clm/v1_trades.csv

--- DEBUG: v2 DataFrame shapes and columns ---
left shape: (10, 9), columns: ['entry_time', 'exit_time', 'direction', 'entry', 'exit', 'result', 'pnl_pct', 'dollar_pnl', 'equity']
right shape: (10, 9), columns: ['entry_time', 'exit_time', 'direction', 'entry', 'exit', 'result', 'pnl_pct', 'dollar_pnl', 'equity']
v2: OK  source=scripts/CLM/Adaptive Pullback Momentum v2/apm_v2_trades_clm_10m.csv  dashboard=docs/data/clm/v2_trades.csv

--- DEBUG: v3 DataFrame shapes and columns ---
left shape: (12, 9), columns: ['entry_time', 'exit_time', 'direction', 'entry', 'exit', 'result', 'pnl_pct', 'dollar_pnl', 'equity']
right shape: (12, 9), columns: ['entry_time', 'exit_time', 'direction', 'entry', 'exit', 'result', 'pnl_pct', 'dollar_pnl', 'equity']
v3: OK  source=scripts/CLM/Adaptive Pullback Momentum v3/apm_v3_trades_clm_15m.csv  dashboard=docs/data/clm/v3_trades.csv

--- DEBUG: BTCUSD v4 canonicalized (pre-normalize) ---
LEFT (first 3 rows):
  entry_time exit_time direction  entry  ...  result pnl_pct  dollar_pnl    equity
0                                 7.535  ...          -0.387               9869.00
1                                 7.285  ...           6.317              10483.55
2                                 7.790  ...           0.807              10658.50

[3 rows x 9 columns]
RIGHT (first 3 rows):
         entry_time         exit_time direction  ...  pnl_pct  dollar_pnl    equity
0  2025-03-27 14:30  2025-03-27 14:30     short  ...   -0.387     -131.00   9869.00
1  2025-04-04 09:30  2025-04-04 09:30     short  ...    6.317      614.55  10483.55
2  2025-06-03 14:00  2025-06-03 14:00      long  ...    0.807      174.95  10658.50

[3 rows x 9 columns]

--- DEBUG: v4 DataFrame shapes and columns ---
left shape: (21, 9), columns: ['entry_time', 'exit_time', 'direction', 'entry', 'exit', 'result', 'pnl_pct', 'dollar_pnl', 'equity']
right shape: (21, 9), columns: ['entry_time', 'exit_time', 'direction', 'entry', 'exit', 'result', 'pnl_pct', 'dollar_pnl', 'equity']
LEFT (first 3 rows):
  entry_time exit_time direction  entry  ...  result pnl_pct  dollar_pnl    equity
0                                 7.535  ...          -0.387               9869.00
1                                 7.285  ...           6.317              10483.55
2                                 7.790  ...           0.807              10658.50

[3 rows x 9 columns]
RIGHT (first 3 rows):
         entry_time         exit_time direction  ...  pnl_pct  dollar_pnl    equity
0  2025-03-27 14:30  2025-03-27 14:30     short  ...   -0.387     -131.00   9869.00
1  2025-04-04 09:30  2025-04-04 09:30     short  ...    6.317      614.55  10483.55
2  2025-06-03 14:00  2025-06-03 14:00      long  ...    0.807      174.95  10658.50

[3 rows x 9 columns]

--- DEBUG: First mismatch details for v4 ---
Row: 0
Col: entry_time | left: '' | right: '2025-03-27 14:30'
Col: exit_time | left: '' | right: '2025-03-27 14:30'
Col: direction | left: '' | right: 'short'
Col: result | left: '' | right: 'TSL'
Col: dollar_pnl | left: '' | right: np.float64(-131.0)
--- END DEBUG ---

v4: MISMATCH (first mismatch at row 1)  source=scripts/CLM/Adaptive Pullback Momentum v4/apm_v4_v46_trades_clm_30m.csv  dashboard=docs/data/clm/v4_trades.csv

--- DEBUG: v5 DataFrame shapes and columns ---
left shape: (13, 9), columns: ['entry_time', 'exit_time', 'direction', 'entry', 'exit', 'result', 'pnl_pct', 'dollar_pnl', 'equity']
right shape: (13, 9), columns: ['entry_time', 'exit_time', 'direction', 'entry', 'exit', 'result', 'pnl_pct', 'dollar_pnl', 'equity']
v5: OK  source=scripts/CLM/Adaptive Pullback Momentum v5/apm_v5_trades_clm_1h.csv  dashboard=docs/data/clm/v5_trades.csv

--- DEBUG: v6 DataFrame shapes and columns ---
left shape: (28, 12), columns: ['entry_time', 'exit_time', 'direction', 'entry', 'exit', 'dollar_pnl', 'equity', 'result', 'max_runup', 'bars', 'pnl_pct', 'year']
right shape: (28, 12), columns: ['entry_time', 'exit_time', 'direction', 'entry', 'exit', 'dollar_pnl', 'equity', 'result', 'max_runup', 'bars', 'pnl_pct', 'year']
v6: OK  source=scripts/CLM/Adaptive Pullback Momentum v6/apm_v6_trades_clm_1d.csv  dashboard=docs/data/clm/v6_trades.csv
BTCUSD v1: OK  source=scripts/BTCUSD/Adaptive Pullback Momentum v1/apm_v1_ytd_trades_btcusd_5m.csv  dashboard=docs/data/btcusd/v1_trades.csv
BTCUSD v2: OK  source=scripts/BTCUSD/Adaptive Pullback Momentum v2/apm_v2_trades_btc-usd_10m.csv  dashboard=docs/data/btcusd/v2_trades.csv
BTCUSD v3: OK  source=scripts/BTCUSD/Adaptive Pullback Momentum v3/apm_v3_trades_btcusd_15m.csv  dashboard=docs/data/btcusd/v3_trades.csv

--- DEBUG: BTCUSD v4 canonicalized (pre-normalize, BTCUSD loop) ---
LEFT (first 3 rows):
                  entry_time                  exit_time  ... dollar_pnl    equity
0  2026-01-19 14:30:00+00:00  2026-01-19 16:30:00+00:00  ...    -293.57   9706.43
1  2026-01-20 02:00:00+00:00  2026-01-20 05:00:00+00:00  ...     433.58  10140.01
2  2026-01-21 09:30:00+00:00  2026-01-21 12:00:00+00:00  ...     141.47  10281.48

[3 rows x 9 columns]
RIGHT (first 3 rows):
                  entry_time                  exit_time  ... dollar_pnl    equity
0  2026-01-19 14:30:00+00:00  2026-01-19 16:30:00+00:00  ...    -293.57   9706.43
1  2026-01-20 02:00:00+00:00  2026-01-20 05:00:00+00:00  ...     433.58  10140.01
2  2026-01-21 09:30:00+00:00  2026-01-21 12:00:00+00:00  ...     141.47  10281.48

[3 rows x 9 columns]
BTCUSD v4: OK  source=scripts/BTCUSD/Adaptive Pullback Momentum v4/apm_v4_trades_btcusd_30m.csv  dashboard=docs/data/btcusd/v4_trades.csv
BTCUSD v5: OK  source=scripts/BTCUSD/Adaptive Pullback Momentum v5/apm_v5_trades_btcusd_1h.csv  dashboard=docs/data/btcusd/v5_trades.csv
BTCUSD v6: OK  source=scripts/BTCUSD/Adaptive Pullback Momentum v6/apm_v6_trades_btcusd_1d.csv  dashboard=docs/data/btcusd/v6_trades.csv
